Base path: C:/Program Files/Unity/Hub/Editor/2019.1.8f1/Editor/Data
Cmd: initializeCompiler
Cmd: compileComputeKernel
  api=4 insize=14406 outsize=113273 ok=1
Cmd: compileComputeKernel
  api=4 insize=14406 outsize=45233 ok=1
Cmd: compileComputeKernel
  api=4 insize=14406 outsize=31409 ok=1
Cmd: compileComputeKernel
  api=4 insize=14406 outsize=74269 ok=1
Cmd: compileComputeKernel
  api=4 insize=14406 outsize=32345 ok=1
Cmd: compileComputeKernel
  api=4 insize=14406 outsize=34633 ok=1
Cmd: compileComputeKernel
  api=4 insize=14406 outsize=31625 ok=1
Cmd: compileComputeKernel
  api=4 insize=14406 outsize=64745 ok=1
Cmd: compileComputeKernel
  api=4 insize=14406 outsize=30657 ok=1
Cmd: compileComputeKernel
  api=4 insize=14406 outsize=40893 ok=1
Cmd: compileComputeKernel
  api=4 insize=14406 outsize=56265 ok=1
Cmd: compileComputeKernel
  api=4 insize=14406 outsize=46281 ok=1
Cmd: compileComputeKernel
  api=4 insize=14406 outsize=49649 ok=1
Cmd: compileComputeKernel
  api=4 insize=14406 outsize=55353 ok=1
Cmd: compileComputeKernel
  api=4 insize=14406 outsize=36381 ok=1
Cmd: compileComputeKernel
  api=4 insize=14406 outsize=49585 ok=1
Cmd: compileComputeKernel
  error: 1 plat 4 at (0): Program 'Deferred_Indirect_ShadowMask_Fptl_Variant26', warning X4714: sum of temp registers and indexable temp registers times 256 threads exceeds the recommended total 16384.  Performance may be reduced
  api=4 insize=14406 outsize=95645 ok=1
Cmd: compileComputeKernel
  api=4 insize=26648 outsize=15569 ok=1
Cmd: compileComputeKernel
  api=4 insize=26648 outsize=15525 ok=1
Cmd: compileComputeKernel
  api=4 insize=26648 outsize=16041 ok=1
Cmd: compileComputeKernel
  api=4 insize=9347 outsize=9265 ok=1
Cmd: compileComputeKernel
  api=4 insize=9347 outsize=12813 ok=1
Cmd: compileComputeKernel
  api=4 insize=17415 outsize=10469 ok=1
Cmd: compileComputeKernel
  api=4 insize=6309 outsize=661 ok=1
Cmd: compileComputeKernel
  api=4 insize=4918 outsize=2429 ok=1
Cmd: compileComputeKernel
  api=4 insize=12239 outsize=957 ok=1
Cmd: compileComputeKernel
  api=4 insize=7423 outsize=1037 ok=1
Cmd: compileComputeKernel
  api=4 insize=7423 outsize=1049 ok=1
Cmd: compileComputeKernel
  api=4 insize=2364 outsize=1029 ok=1
Cmd: compileComputeKernel
  api=4 insize=10562 outsize=3893 ok=1
Cmd: compileComputeKernel
  api=4 insize=20012 outsize=14613 ok=1
Cmd: compileComputeKernel
  api=4 insize=20012 outsize=15261 ok=1
Cmd: compileComputeKernel
  api=4 insize=3022 outsize=3277 ok=1
Cmd: compileComputeKernel
  api=4 insize=3695 outsize=2689 ok=1
Cmd: compileComputeKernel
  api=4 insize=7704 outsize=1781 ok=1
Cmd: compileComputeKernel
  api=4 insize=857 outsize=573 ok=1
Cmd: compileComputeKernel
  api=4 insize=20668 outsize=95037 ok=1
Cmd: compileComputeKernel
  api=4 insize=34508 outsize=34605 ok=1
Cmd: compileComputeKernel
  api=4 insize=34508 outsize=35413 ok=1
Cmd: compileComputeKernel
  api=4 insize=34508 outsize=34605 ok=1
Cmd: compileComputeKernel
  api=4 insize=34508 outsize=36169 ok=1
Cmd: compileComputeKernel
  api=4 insize=17193 outsize=7957 ok=1
Cmd: compileComputeKernel
  api=4 insize=5089 outsize=4769 ok=1
Cmd: compileComputeKernel
  api=4 insize=5089 outsize=929 ok=1
Cmd: compileComputeKernel
  api=4 insize=3043 outsize=2701 ok=1
Cmd: compileComputeKernel
  api=4 insize=7712 outsize=4345 ok=1
Cmd: compileComputeKernel
  api=4 insize=7712 outsize=6777 ok=1
Cmd: compileComputeKernel
  api=4 insize=3918 outsize=2705 ok=1
Cmd: compileComputeKernel
  api=4 insize=3506 outsize=1437 ok=1
Cmd: compileComputeKernel
  api=4 insize=2590 outsize=745 ok=1
Cmd: compileSnippet
  api=4 type=1 insize=7237 outsize=142 kw=_NORMALMAP_TANGENT_SPACE _NORMALMAP _MASKMAP pd=UNITY_ENABLE_REFLECTION_BUFFERS UNITY_USE_DITHER_MASK_FOR_ALPHABLENDED_SHADOWS UNITY_PBS_USE_BRDF1 UNITY_SPECCUBE_BOX_PROJECTION UNITY_SPECCUBE_BLENDING UNITY_ENABLE_DETAIL_NORMALMAP SHADER_API_DESKTOP UNITY_LIGHT_PROBE_PROXY_VOLUME UNITY_LIGHTMAP_FULL_HDR ok=1
Cmd: compileSnippet
  api=4 type=0 insize=7237 outsize=810 kw=_NORMALMAP_TANGENT_SPACE _MASKMAP pd=UNITY_ENABLE_REFLECTION_BUFFERS UNITY_USE_DITHER_MASK_FOR_ALPHABLENDED_SHADOWS UNITY_PBS_USE_BRDF1 UNITY_SPECCUBE_BOX_PROJECTION UNITY_SPECCUBE_BLENDING UNITY_ENABLE_DETAIL_NORMALMAP SHADER_API_DESKTOP UNITY_LIGHT_PROBE_PROXY_VOLUME UNITY_LIGHTMAP_FULL_HDR ok=1
Cmd: compileSnippet
  api=4 type=1 insize=7705 outsize=6710 kw=LIGHTMAP_ON DIRLIGHTMAP_COMBINED DECALS_3RT _NORMALMAP_TANGENT_SPACE _NORMALMAP _MASKMAP pd=UNITY_ENABLE_REFLECTION_BUFFERS UNITY_USE_DITHER_MASK_FOR_ALPHABLENDED_SHADOWS UNITY_PBS_USE_BRDF1 UNITY_SPECCUBE_BOX_PROJECTION UNITY_SPECCUBE_BLENDING UNITY_ENABLE_DETAIL_NORMALMAP SHADER_API_DESKTOP UNITY_LIGHT_PROBE_PROXY_VOLUME UNITY_LIGHTMAP_FULL_HDR ok=1
Cmd: compileSnippet
  api=4 type=0 insize=7060 outsize=810 kw=_NORMALMAP_TANGENT_SPACE _MASKMAP pd=UNITY_ENABLE_REFLECTION_BUFFERS UNITY_USE_DITHER_MASK_FOR_ALPHABLENDED_SHADOWS UNITY_PBS_USE_BRDF1 UNITY_SPECCUBE_BOX_PROJECTION UNITY_SPECCUBE_BLENDING UNITY_ENABLE_DETAIL_NORMALMAP SHADER_API_DESKTOP UNITY_LIGHT_PROBE_PROXY_VOLUME UNITY_LIGHTMAP_FULL_HDR ok=1
Cmd: compileSnippet
  api=4 type=1 insize=7060 outsize=262 kw=_NORMALMAP_TANGENT_SPACE _MASKMAP pd=UNITY_ENABLE_REFLECTION_BUFFERS UNITY_USE_DITHER_MASK_FOR_ALPHABLENDED_SHADOWS UNITY_PBS_USE_BRDF1 UNITY_SPECCUBE_BOX_PROJECTION UNITY_SPECCUBE_BLENDING UNITY_ENABLE_DETAIL_NORMALMAP SHADER_API_DESKTOP UNITY_LIGHT_PROBE_PROXY_VOLUME UNITY_LIGHTMAP_FULL_HDR ok=1
Cmd: compileSnippet
  api=4 type=1 insize=7060 outsize=262 kw=_SURFACE_TYPE_TRANSPARENT _NORMALMAP_TANGENT_SPACE _BLENDMODE_ALPHA _BLENDMODE_PRESERVE_SPECULAR_LIGHTING _ENABLE_FOG_ON_TRANSPARENT pd=UNITY_ENABLE_REFLECTION_BUFFERS UNITY_USE_DITHER_MASK_FOR_ALPHABLENDED_SHADOWS UNITY_PBS_USE_BRDF1 UNITY_SPECCUBE_BOX_PROJECTION UNITY_SPECCUBE_BLENDING UNITY_ENABLE_DETAIL_NORMALMAP SHADER_API_DESKTOP UNITY_LIGHT_PROBE_PROXY_VOLUME UNITY_LIGHTMAP_FULL_HDR ok=1
Cmd: initializeCompiler
Cmd: compileComputeKernel
  api=4 insize=1326 outsize=669 ok=1
Cmd: compileComputeKernel
  api=4 insize=9814 outsize=3601 ok=1
Cmd: compileComputeKernel
  api=4 insize=3600 outsize=1541 ok=1
Cmd: compileComputeKernel
  api=4 insize=4970 outsize=1777 ok=1
Cmd: initializeCompiler
Cmd: compileComputeKernel
  api=4 insize=15475 outsize=94773 ok=1
Cmd: compileComputeKernel
  api=4 insize=15475 outsize=32253 ok=1
Cmd: compileComputeKernel
  api=4 insize=15475 outsize=29013 ok=1
Cmd: compileComputeKernel
  api=4 insize=15475 outsize=39097 ok=1
Cmd: compileComputeKernel
  api=4 insize=15475 outsize=54293 ok=1
Cmd: compileComputeKernel
  api=4 insize=15475 outsize=35037 ok=1
Cmd: compileComputeKernel
  api=4 insize=15475 outsize=41869 ok=1
Cmd: compileComputeKernel
  api=4 insize=15475 outsize=54613 ok=1
Cmd: compileComputeKernel
  api=4 insize=15475 outsize=34669 ok=1
Cmd: compileComputeKernel
  api=4 insize=15475 outsize=41529 ok=1
Cmd: compileComputeKernel
  api=4 insize=15475 outsize=13381 ok=1
Cmd: compileComputeKernel
  api=4 insize=15475 outsize=14609 ok=1
Cmd: compileComputeKernel
  api=4 insize=15475 outsize=21733 ok=1
Cmd: compileComputeKernel
  api=4 insize=15475 outsize=47249 ok=1
Cmd: compileComputeKernel
  api=4 insize=15475 outsize=39429 ok=1
Cmd: compileComputeKernel
  api=4 insize=15475 outsize=32993 ok=1
Cmd: compileComputeKernel
  api=4 insize=15475 outsize=46245 ok=1
Cmd: compileComputeKernel
  api=4 insize=15475 outsize=33069 ok=1
Cmd: compileComputeKernel
  api=4 insize=15475 outsize=66953 ok=1
Cmd: compileComputeKernel
  api=4 insize=15475 outsize=49613 ok=1
Cmd: compileComputeKernel
  api=4 insize=15475 outsize=96701 ok=1
Cmd: compileComputeKernel
  api=4 insize=25750 outsize=13793 ok=1
Cmd: compileComputeKernel
  api=4 insize=25750 outsize=15461 ok=1
Cmd: compileComputeKernel
  api=4 insize=5767 outsize=5793 ok=1
Cmd: compileComputeKernel
  api=4 insize=3687 outsize=3277 ok=1
Cmd: compileComputeKernel
  api=4 insize=9347 outsize=12805 ok=1
Cmd: compileComputeKernel
  api=4 insize=9347 outsize=9273 ok=1
Cmd: compileComputeKernel
  api=4 insize=7409 outsize=4409 ok=1
Cmd: compileComputeKernel
  api=4 insize=17415 outsize=10469 ok=1
Cmd: compileComputeKernel
  api=4 insize=4061 outsize=4145 ok=1
Cmd: compileComputeKernel
  api=4 insize=4918 outsize=2493 ok=1
Cmd: compileComputeKernel
  api=4 insize=11912 outsize=1313 ok=1
Cmd: compileComputeKernel
  api=4 insize=7423 outsize=1037 ok=1
Cmd: compileComputeKernel
  api=4 insize=7423 outsize=1049 ok=1
Cmd: compileComputeKernel
  api=4 insize=1946 outsize=1269 ok=1
Cmd: compileComputeKernel
  api=4 insize=11993 outsize=613 ok=1
Cmd: compileComputeKernel
  api=4 insize=11993 outsize=2397 ok=1
Cmd: compileComputeKernel
  api=4 insize=21453 outsize=14113 ok=1
Cmd: compileComputeKernel
  api=4 insize=21453 outsize=14385 ok=1
Cmd: compileComputeKernel
  api=4 insize=3022 outsize=473 ok=1
Cmd: compileComputeKernel
  api=4 insize=3022 outsize=2057 ok=1
Cmd: compileComputeKernel
  api=4 insize=7883 outsize=5681 ok=1
Cmd: compileComputeKernel
  api=4 insize=20668 outsize=95037 ok=1
Cmd: compileComputeKernel
  api=4 insize=35006 outsize=33949 ok=1
Cmd: compileComputeKernel
  api=4 insize=35006 outsize=36253 ok=1
Cmd: compileComputeKernel
  api=4 insize=35006 outsize=34605 ok=1
Cmd: compileComputeKernel
  api=4 insize=35006 outsize=36253 ok=1
Cmd: compileComputeKernel
  api=4 insize=8350 outsize=2077 ok=1
Cmd: compileComputeKernel
  api=4 insize=17691 outsize=7957 ok=1
Cmd: compileComputeKernel
  api=4 insize=5089 outsize=1361 ok=1
Cmd: compileComputeKernel
  api=4 insize=5089 outsize=2989 ok=1
Cmd: compileComputeKernel
  api=4 insize=15729 outsize=3153 ok=1
Cmd: compileComputeKernel
  api=4 insize=9349 outsize=4921 ok=1
Cmd: compileComputeKernel
  api=4 insize=3043 outsize=541 ok=1
Cmd: compileComputeKernel
  api=4 insize=7712 outsize=4345 ok=1
Cmd: compileComputeKernel
  api=4 insize=7712 outsize=6777 ok=1
Cmd: compileComputeKernel
  api=4 insize=3918 outsize=3357 ok=1
Cmd: compileComputeKernel
  api=4 insize=2510 outsize=745 ok=1
Cmd: compileSnippet
  api=4 type=0 insize=10039 outsize=3722 kw= pd=UNITY_ENABLE_REFLECTION_BUFFERS UNITY_USE_DITHER_MASK_FOR_ALPHABLENDED_SHADOWS UNITY_PBS_USE_BRDF1 UNITY_SPECCUBE_BOX_PROJECTION UNITY_SPECCUBE_BLENDING UNITY_ENABLE_DETAIL_NORMALMAP SHADER_API_DESKTOP UNITY_LIGHT_PROBE_PROXY_VOLUME UNITY_LIGHTMAP_FULL_HDR ok=1
Cmd: compileSnippet
  api=4 type=1 insize=10137 outsize=5922 kw= pd=UNITY_ENABLE_REFLECTION_BUFFERS UNITY_USE_DITHER_MASK_FOR_ALPHABLENDED_SHADOWS UNITY_PBS_USE_BRDF1 UNITY_SPECCUBE_BOX_PROJECTION UNITY_SPECCUBE_BLENDING UNITY_ENABLE_DETAIL_NORMALMAP SHADER_API_DESKTOP UNITY_LIGHT_PROBE_PROXY_VOLUME UNITY_LIGHTMAP_FULL_HDR ok=1
Cmd: compileComputeKernel
  api=4 insize=3602 outsize=1545 ok=1
Cmd: compileSnippet
  api=4 type=0 insize=15304 outsize=2710 kw=SHADOW_LOW USE_CLUSTERED_LIGHTLIST pd=UNITY_ENABLE_REFLECTION_BUFFERS UNITY_USE_DITHER_MASK_FOR_ALPHABLENDED_SHADOWS UNITY_PBS_USE_BRDF1 UNITY_SPECCUBE_BOX_PROJECTION UNITY_SPECCUBE_BLENDING UNITY_ENABLE_DETAIL_NORMALMAP SHADER_API_DESKTOP UNITY_LIGHT_PROBE_PROXY_VOLUME UNITY_LIGHTMAP_FULL_HDR ok=1
Cmd: compileSnippet
  error: 1 plat 4 at Packages/com.unity.render-pipelines.high-definition/Runtime/Lighting/Shadow/HDShadowAlgorithms.hlsl(182): floating point division by zero\nCompiling Fragment program with SHADOW_LOW USE_CLUSTERED_LIGHTLIST
Platform defines: UNITY_ENABLE_REFLECTION_BUFFERS UNITY_USE_DITHER_MASK_FOR_ALPHABLENDED_SHADOWS UNITY_PBS_USE_BRDF1 UNITY_SPECCUBE_BOX_PROJECTION UNITY_SPECCUBE_BLENDING UNITY_ENABLE_DETAIL_NORMALMAP SHADER_API_DESKTOP UNITY_LIGHT_PROBE_PROXY_VOLUME UNITY_LIGHTMAP_FULL_HDR
  api=4 type=1 insize=15819 outsize=63370 kw=SHADOW_LOW USE_CLUSTERED_LIGHTLIST pd=UNITY_ENABLE_REFLECTION_BUFFERS UNITY_USE_DITHER_MASK_FOR_ALPHABLENDED_SHADOWS UNITY_PBS_USE_BRDF1 UNITY_SPECCUBE_BOX_PROJECTION UNITY_SPECCUBE_BLENDING UNITY_ENABLE_DETAIL_NORMALMAP SHADER_API_DESKTOP UNITY_LIGHT_PROBE_PROXY_VOLUME UNITY_LIGHTMAP_FULL_HDR ok=1
Cmd: compileComputeKernel
  api=4 insize=1629 outsize=1457 ok=1
Cmd: compileSnippet
  api=4 type=0 insize=15917 outsize=3902 kw=SHADOW_LOW USE_CLUSTERED_LIGHTLIST pd=UNITY_ENABLE_REFLECTION_BUFFERS UNITY_USE_DITHER_MASK_FOR_ALPHABLENDED_SHADOWS UNITY_PBS_USE_BRDF1 UNITY_SPECCUBE_BOX_PROJECTION UNITY_SPECCUBE_BLENDING UNITY_ENABLE_DETAIL_NORMALMAP SHADER_API_DESKTOP UNITY_LIGHT_PROBE_PROXY_VOLUME UNITY_LIGHTMAP_FULL_HDR ok=1
Cmd: compileSnippet
  api=4 type=0 insize=16826 outsize=6018 kw=SHADOW_LOW USE_CLUSTERED_LIGHTLIST pd=UNITY_ENABLE_REFLECTION_BUFFERS UNITY_USE_DITHER_MASK_FOR_ALPHABLENDED_SHADOWS UNITY_PBS_USE_BRDF1 UNITY_SPECCUBE_BOX_PROJECTION UNITY_SPECCUBE_BLENDING UNITY_ENABLE_DETAIL_NORMALMAP SHADER_API_DESKTOP UNITY_LIGHT_PROBE_PROXY_VOLUME UNITY_LIGHTMAP_FULL_HDR ok=1
Cmd: compileSnippet
  api=4 type=0 insize=17673 outsize=6650 kw=SHADOW_LOW USE_CLUSTERED_LIGHTLIST pd=UNITY_ENABLE_REFLECTION_BUFFERS UNITY_USE_DITHER_MASK_FOR_ALPHABLENDED_SHADOWS UNITY_PBS_USE_BRDF1 UNITY_SPECCUBE_BOX_PROJECTION UNITY_SPECCUBE_BLENDING UNITY_ENABLE_DETAIL_NORMALMAP SHADER_API_DESKTOP UNITY_LIGHT_PROBE_PROXY_VOLUME UNITY_LIGHTMAP_FULL_HDR ok=1
Cmd: compileComputeKernel
  api=4 insize=5098 outsize=1921 ok=1
Cmd: compileSnippet
  error: 1 plat 4 at Packages/com.unity.render-pipelines.high-definition/Runtime/Lighting/Shadow/HDShadowAlgorithms.hlsl(182): floating point division by zero\nCompiling Fragment program with SHADOW_LOW USE_CLUSTERED_LIGHTLIST
Platform defines: UNITY_ENABLE_REFLECTION_BUFFERS UNITY_USE_DITHER_MASK_FOR_ALPHABLENDED_SHADOWS UNITY_PBS_USE_BRDF1 UNITY_SPECCUBE_BOX_PROJECTION UNITY_SPECCUBE_BLENDING UNITY_ENABLE_DETAIL_NORMALMAP SHADER_API_DESKTOP UNITY_LIGHT_PROBE_PROXY_VOLUME UNITY_LIGHTMAP_FULL_HDR
  api=4 type=1 insize=17673 outsize=63370 kw=SHADOW_LOW USE_CLUSTERED_LIGHTLIST pd=UNITY_ENABLE_REFLECTION_BUFFERS UNITY_USE_DITHER_MASK_FOR_ALPHABLENDED_SHADOWS UNITY_PBS_USE_BRDF1 UNITY_SPECCUBE_BOX_PROJECTION UNITY_SPECCUBE_BLENDING UNITY_ENABLE_DETAIL_NORMALMAP SHADER_API_DESKTOP UNITY_LIGHT_PROBE_PROXY_VOLUME UNITY_LIGHTMAP_FULL_HDR ok=1
Cmd: compileSnippet
  api=4 type=0 insize=17780 outsize=6682 kw=SHADOW_LOW USE_CLUSTERED_LIGHTLIST pd=UNITY_ENABLE_REFLECTION_BUFFERS UNITY_USE_DITHER_MASK_FOR_ALPHABLENDED_SHADOWS UNITY_PBS_USE_BRDF1 UNITY_SPECCUBE_BOX_PROJECTION UNITY_SPECCUBE_BLENDING UNITY_ENABLE_DETAIL_NORMALMAP SHADER_API_DESKTOP UNITY_LIGHT_PROBE_PROXY_VOLUME UNITY_LIGHTMAP_FULL_HDR ok=1
Cmd: compileSnippet
  error: 1 plat 4 at Packages/com.unity.render-pipelines.high-definition/Runtime/Lighting/Shadow/HDShadowAlgorithms.hlsl(182): floating point division by zero\nCompiling Fragment program with SHADOW_LOW USE_CLUSTERED_LIGHTLIST
Platform defines: UNITY_ENABLE_REFLECTION_BUFFERS UNITY_USE_DITHER_MASK_FOR_ALPHABLENDED_SHADOWS UNITY_PBS_USE_BRDF1 UNITY_SPECCUBE_BOX_PROJECTION UNITY_SPECCUBE_BLENDING UNITY_ENABLE_DETAIL_NORMALMAP SHADER_API_DESKTOP UNITY_LIGHT_PROBE_PROXY_VOLUME UNITY_LIGHTMAP_FULL_HDR
  api=4 type=1 insize=17738 outsize=73626 kw=SHADOW_LOW USE_CLUSTERED_LIGHTLIST pd=UNITY_ENABLE_REFLECTION_BUFFERS UNITY_USE_DITHER_MASK_FOR_ALPHABLENDED_SHADOWS UNITY_PBS_USE_BRDF1 UNITY_SPECCUBE_BOX_PROJECTION UNITY_SPECCUBE_BLENDING UNITY_ENABLE_DETAIL_NORMALMAP SHADER_API_DESKTOP UNITY_LIGHT_PROBE_PROXY_VOLUME UNITY_LIGHTMAP_FULL_HDR ok=1
Cmd: compileSnippet
  error: 1 plat 4 at Packages/com.unity.render-pipelines.high-definition/Runtime/Lighting/Shadow/HDShadowAlgorithms.hlsl(182): floating point division by zero\nCompiling Fragment program with SHADOW_LOW USE_CLUSTERED_LIGHTLIST
Platform defines: UNITY_ENABLE_REFLECTION_BUFFERS UNITY_USE_DITHER_MASK_FOR_ALPHABLENDED_SHADOWS UNITY_PBS_USE_BRDF1 UNITY_SPECCUBE_BOX_PROJECTION UNITY_SPECCUBE_BLENDING UNITY_ENABLE_DETAIL_NORMALMAP SHADER_API_DESKTOP UNITY_LIGHT_PROBE_PROXY_VOLUME UNITY_LIGHTMAP_FULL_HDR
  api=4 type=1 insize=18297 outsize=73626 kw=SHADOW_LOW USE_CLUSTERED_LIGHTLIST pd=UNITY_ENABLE_REFLECTION_BUFFERS UNITY_USE_DITHER_MASK_FOR_ALPHABLENDED_SHADOWS UNITY_PBS_USE_BRDF1 UNITY_SPECCUBE_BOX_PROJECTION UNITY_SPECCUBE_BLENDING UNITY_ENABLE_DETAIL_NORMALMAP SHADER_API_DESKTOP UNITY_LIGHT_PROBE_PROXY_VOLUME UNITY_LIGHTMAP_FULL_HDR ok=1
Cmd: compileSnippet
  error: 1 plat 4 at Packages/com.unity.render-pipelines.high-definition/Runtime/Lighting/Shadow/HDShadowAlgorithms.hlsl(182): floating point division by zero\nCompiling Fragment program with SHADOW_LOW USE_CLUSTERED_LIGHTLIST
Platform defines: UNITY_ENABLE_REFLECTION_BUFFERS UNITY_USE_DITHER_MASK_FOR_ALPHABLENDED_SHADOWS UNITY_PBS_USE_BRDF1 UNITY_SPECCUBE_BOX_PROJECTION UNITY_SPECCUBE_BLENDING UNITY_ENABLE_DETAIL_NORMALMAP SHADER_API_DESKTOP UNITY_LIGHT_PROBE_PROXY_VOLUME UNITY_LIGHTMAP_FULL_HDR
  api=4 type=1 insize=19026 outsize=73626 kw=SHADOW_LOW USE_CLUSTERED_LIGHTLIST pd=UNITY_ENABLE_REFLECTION_BUFFERS UNITY_USE_DITHER_MASK_FOR_ALPHABLENDED_SHADOWS UNITY_PBS_USE_BRDF1 UNITY_SPECCUBE_BOX_PROJECTION UNITY_SPECCUBE_BLENDING UNITY_ENABLE_DETAIL_NORMALMAP SHADER_API_DESKTOP UNITY_LIGHT_PROBE_PROXY_VOLUME UNITY_LIGHTMAP_FULL_HDR ok=1
Cmd: compileComputeKernel
  api=4 insize=1629 outsize=1457 ok=1
Cmd: compileSnippet
  error: 1 plat 4 at Packages/com.unity.render-pipelines.high-definition/Runtime/Lighting/Shadow/HDShadowAlgorithms.hlsl(182): floating point division by zero\nCompiling Fragment program with SHADOW_LOW USE_CLUSTERED_LIGHTLIST
Platform defines: UNITY_ENABLE_REFLECTION_BUFFERS UNITY_USE_DITHER_MASK_FOR_ALPHABLENDED_SHADOWS UNITY_PBS_USE_BRDF1 UNITY_SPECCUBE_BOX_PROJECTION UNITY_SPECCUBE_BLENDING UNITY_ENABLE_DETAIL_NORMALMAP SHADER_API_DESKTOP UNITY_LIGHT_PROBE_PROXY_VOLUME UNITY_LIGHTMAP_FULL_HDR
  api=4 type=1 insize=18654 outsize=74446 kw=SHADOW_LOW USE_CLUSTERED_LIGHTLIST pd=UNITY_ENABLE_REFLECTION_BUFFERS UNITY_USE_DITHER_MASK_FOR_ALPHABLENDED_SHADOWS UNITY_PBS_USE_BRDF1 UNITY_SPECCUBE_BOX_PROJECTION UNITY_SPECCUBE_BLENDING UNITY_ENABLE_DETAIL_NORMALMAP SHADER_API_DESKTOP UNITY_LIGHT_PROBE_PROXY_VOLUME UNITY_LIGHTMAP_FULL_HDR ok=1
Cmd: compileSnippet
  api=4 type=1 insize=10522 outsize=4154 kw= pd=UNITY_ENABLE_REFLECTION_BUFFERS UNITY_USE_DITHER_MASK_FOR_ALPHABLENDED_SHADOWS UNITY_PBS_USE_BRDF1 UNITY_SPECCUBE_BOX_PROJECTION UNITY_SPECCUBE_BLENDING UNITY_ENABLE_DETAIL_NORMALMAP SHADER_API_DESKTOP UNITY_LIGHT_PROBE_PROXY_VOLUME UNITY_LIGHTMAP_FULL_HDR ok=1
Cmd: compileSnippet
  api=4 type=0 insize=10526 outsize=3858 kw= pd=UNITY_ENABLE_REFLECTION_BUFFERS UNITY_USE_DITHER_MASK_FOR_ALPHABLENDED_SHADOWS UNITY_PBS_USE_BRDF1 UNITY_SPECCUBE_BOX_PROJECTION UNITY_SPECCUBE_BLENDING UNITY_ENABLE_DETAIL_NORMALMAP SHADER_API_DESKTOP UNITY_LIGHT_PROBE_PROXY_VOLUME UNITY_LIGHTMAP_FULL_HDR ok=1
Cmd: compileSnippet
  api=4 type=0 insize=10522 outsize=3842 kw= pd=UNITY_ENABLE_REFLECTION_BUFFERS UNITY_USE_DITHER_MASK_FOR_ALPHABLENDED_SHADOWS UNITY_PBS_USE_BRDF1 UNITY_SPECCUBE_BOX_PROJECTION UNITY_SPECCUBE_BLENDING UNITY_ENABLE_DETAIL_NORMALMAP SHADER_API_DESKTOP UNITY_LIGHT_PROBE_PROXY_VOLUME UNITY_LIGHTMAP_FULL_HDR ok=1
Cmd: compileComputeKernel
  error: 1 plat 4 at Packages/com.unity.visualeffectgraph/Shaders/VFXCommon.cginc(560): pow(f, e) will not work for negative f, use abs(f) or conditionally handle negative values if you expect them
  error: 1 plat 4 at Smoke.vfx(54): comma expression used where a vector constructor may have been intended
  api=4 insize=5843 outsize=9017 ok=1
