Base path: C:/Program Files/Unity/Hub/Editor/2019.1.8f1/Editor/Data
Cmd: initializeCompiler
Cmd: compileSnippet
  api=4 type=0 insize=7264 outsize=1670 kw=DECALS_3RT pd=UNITY_ENABLE_REFLECTION_BUFFERS UNITY_USE_DITHER_MASK_FOR_ALPHABLENDED_SHADOWS UNITY_PBS_USE_BRDF1 UNITY_SPECCUBE_BOX_PROJECTION UNITY_SPECCUBE_BLENDING UNITY_ENABLE_DETAIL_NORMALMAP SHADER_API_DESKTOP UNITY_LIGHT_PROBE_PROXY_VOLUME UNITY_LIGHTMAP_FULL_HDR ok=1
Cmd: compileSnippet
  api=4 type=1 insize=7264 outsize=5478 kw=DECALS_3RT pd=UNITY_ENABLE_REFLECTION_BUFFERS UNITY_USE_DITHER_MASK_FOR_ALPHABLENDED_SHADOWS UNITY_PBS_USE_BRDF1 UNITY_SPECCUBE_BOX_PROJECTION UNITY_SPECCUBE_BLENDING UNITY_ENABLE_DETAIL_NORMALMAP SHADER_API_DESKTOP UNITY_LIGHT_PROBE_PROXY_VOLUME UNITY_LIGHTMAP_FULL_HDR ok=1
Cmd: compileSnippet
  api=4 type=0 insize=1070 outsize=762 kw= pd=UNITY_ENABLE_REFLECTION_BUFFERS UNITY_USE_DITHER_MASK_FOR_ALPHABLENDED_SHADOWS UNITY_PBS_USE_BRDF1 UNITY_SPECCUBE_BOX_PROJECTION UNITY_SPECCUBE_BLENDING UNITY_ENABLE_DETAIL_NORMALMAP SHADER_API_DESKTOP UNITY_LIGHT_PROBE_PROXY_VOLUME UNITY_LIGHTMAP_FULL_HDR ok=1
Cmd: compileSnippet
  api=4 type=1 insize=1070 outsize=326 kw= pd=UNITY_ENABLE_REFLECTION_BUFFERS UNITY_USE_DITHER_MASK_FOR_ALPHABLENDED_SHADOWS UNITY_PBS_USE_BRDF1 UNITY_SPECCUBE_BOX_PROJECTION UNITY_SPECCUBE_BLENDING UNITY_ENABLE_DETAIL_NORMALMAP SHADER_API_DESKTOP UNITY_LIGHT_PROBE_PROXY_VOLUME UNITY_LIGHTMAP_FULL_HDR ok=1
Cmd: compileSnippet
  api=4 type=0 insize=1064 outsize=762 kw= pd=UNITY_ENABLE_REFLECTION_BUFFERS UNITY_USE_DITHER_MASK_FOR_ALPHABLENDED_SHADOWS UNITY_PBS_USE_BRDF1 UNITY_SPECCUBE_BOX_PROJECTION UNITY_SPECCUBE_BLENDING UNITY_ENABLE_DETAIL_NORMALMAP SHADER_API_DESKTOP UNITY_LIGHT_PROBE_PROXY_VOLUME UNITY_LIGHTMAP_FULL_HDR ok=1
Cmd: compileSnippet
  api=4 type=1 insize=1064 outsize=326 kw= pd=UNITY_ENABLE_REFLECTION_BUFFERS UNITY_USE_DITHER_MASK_FOR_ALPHABLENDED_SHADOWS UNITY_PBS_USE_BRDF1 UNITY_SPECCUBE_BOX_PROJECTION UNITY_SPECCUBE_BLENDING UNITY_ENABLE_DETAIL_NORMALMAP SHADER_API_DESKTOP UNITY_LIGHT_PROBE_PROXY_VOLUME UNITY_LIGHTMAP_FULL_HDR ok=1
Cmd: compileSnippet
  api=4 type=0 insize=1064 outsize=762 kw= pd=UNITY_ENABLE_REFLECTION_BUFFERS UNITY_USE_DITHER_MASK_FOR_ALPHABLENDED_SHADOWS UNITY_PBS_USE_BRDF1 UNITY_SPECCUBE_BOX_PROJECTION UNITY_SPECCUBE_BLENDING UNITY_ENABLE_DETAIL_NORMALMAP SHADER_API_DESKTOP UNITY_LIGHT_PROBE_PROXY_VOLUME UNITY_LIGHTMAP_FULL_HDR ok=1
Cmd: compileSnippet
  api=4 type=1 insize=1064 outsize=326 kw= pd=UNITY_ENABLE_REFLECTION_BUFFERS UNITY_USE_DITHER_MASK_FOR_ALPHABLENDED_SHADOWS UNITY_PBS_USE_BRDF1 UNITY_SPECCUBE_BOX_PROJECTION UNITY_SPECCUBE_BLENDING UNITY_ENABLE_DETAIL_NORMALMAP SHADER_API_DESKTOP UNITY_LIGHT_PROBE_PROXY_VOLUME UNITY_LIGHTMAP_FULL_HDR ok=1
Cmd: compileSnippet
  api=4 type=0 insize=1070 outsize=762 kw= pd=UNITY_ENABLE_REFLECTION_BUFFERS UNITY_USE_DITHER_MASK_FOR_ALPHABLENDED_SHADOWS UNITY_PBS_USE_BRDF1 UNITY_SPECCUBE_BOX_PROJECTION UNITY_SPECCUBE_BLENDING UNITY_ENABLE_DETAIL_NORMALMAP SHADER_API_DESKTOP UNITY_LIGHT_PROBE_PROXY_VOLUME UNITY_LIGHTMAP_FULL_HDR ok=1
Cmd: compileSnippet
  api=4 type=1 insize=1070 outsize=326 kw= pd=UNITY_ENABLE_REFLECTION_BUFFERS UNITY_USE_DITHER_MASK_FOR_ALPHABLENDED_SHADOWS UNITY_PBS_USE_BRDF1 UNITY_SPECCUBE_BOX_PROJECTION UNITY_SPECCUBE_BLENDING UNITY_ENABLE_DETAIL_NORMALMAP SHADER_API_DESKTOP UNITY_LIGHT_PROBE_PROXY_VOLUME UNITY_LIGHTMAP_FULL_HDR ok=1
Cmd: compileSnippet
  api=4 type=0 insize=1052 outsize=762 kw= pd=UNITY_ENABLE_REFLECTION_BUFFERS UNITY_USE_DITHER_MASK_FOR_ALPHABLENDED_SHADOWS UNITY_PBS_USE_BRDF1 UNITY_SPECCUBE_BOX_PROJECTION UNITY_SPECCUBE_BLENDING UNITY_ENABLE_DETAIL_NORMALMAP SHADER_API_DESKTOP UNITY_LIGHT_PROBE_PROXY_VOLUME UNITY_LIGHTMAP_FULL_HDR ok=1
Cmd: compileSnippet
  api=4 type=1 insize=1052 outsize=326 kw= pd=UNITY_ENABLE_REFLECTION_BUFFERS UNITY_USE_DITHER_MASK_FOR_ALPHABLENDED_SHADOWS UNITY_PBS_USE_BRDF1 UNITY_SPECCUBE_BOX_PROJECTION UNITY_SPECCUBE_BLENDING UNITY_ENABLE_DETAIL_NORMALMAP SHADER_API_DESKTOP UNITY_LIGHT_PROBE_PROXY_VOLUME UNITY_LIGHTMAP_FULL_HDR ok=1
Cmd: compileSnippet
  api=4 type=0 insize=1064 outsize=762 kw= pd=UNITY_ENABLE_REFLECTION_BUFFERS UNITY_USE_DITHER_MASK_FOR_ALPHABLENDED_SHADOWS UNITY_PBS_USE_BRDF1 UNITY_SPECCUBE_BOX_PROJECTION UNITY_SPECCUBE_BLENDING UNITY_ENABLE_DETAIL_NORMALMAP SHADER_API_DESKTOP UNITY_LIGHT_PROBE_PROXY_VOLUME UNITY_LIGHTMAP_FULL_HDR ok=1
Cmd: compileSnippet
  api=4 type=1 insize=1064 outsize=326 kw= pd=UNITY_ENABLE_REFLECTION_BUFFERS UNITY_USE_DITHER_MASK_FOR_ALPHABLENDED_SHADOWS UNITY_PBS_USE_BRDF1 UNITY_SPECCUBE_BOX_PROJECTION UNITY_SPECCUBE_BLENDING UNITY_ENABLE_DETAIL_NORMALMAP SHADER_API_DESKTOP UNITY_LIGHT_PROBE_PROXY_VOLUME UNITY_LIGHTMAP_FULL_HDR ok=1
Cmd: compileSnippet
  api=4 type=0 insize=16611 outsize=5622 kw=_SUNDISK_HIGH_QUALITY pd=UNITY_ENABLE_REFLECTION_BUFFERS UNITY_USE_DITHER_MASK_FOR_ALPHABLENDED_SHADOWS UNITY_PBS_USE_BRDF1 UNITY_SPECCUBE_BOX_PROJECTION UNITY_SPECCUBE_BLENDING UNITY_ENABLE_DETAIL_NORMALMAP SHADER_API_DESKTOP UNITY_LIGHT_PROBE_PROXY_VOLUME UNITY_LIGHTMAP_FULL_HDR ok=1
Cmd: compileSnippet
  api=4 type=1 insize=16611 outsize=1222 kw=_SUNDISK_HIGH_QUALITY pd=UNITY_ENABLE_REFLECTION_BUFFERS UNITY_USE_DITHER_MASK_FOR_ALPHABLENDED_SHADOWS UNITY_PBS_USE_BRDF1 UNITY_SPECCUBE_BOX_PROJECTION UNITY_SPECCUBE_BLENDING UNITY_ENABLE_DETAIL_NORMALMAP SHADER_API_DESKTOP UNITY_LIGHT_PROBE_PROXY_VOLUME UNITY_LIGHTMAP_FULL_HDR ok=1
Cmd: compileSnippet
  api=4 type=0 insize=16611 outsize=5358 kw=_SUNDISK_NONE pd=UNITY_ENABLE_REFLECTION_BUFFERS UNITY_USE_DITHER_MASK_FOR_ALPHABLENDED_SHADOWS UNITY_PBS_USE_BRDF1 UNITY_SPECCUBE_BOX_PROJECTION UNITY_SPECCUBE_BLENDING UNITY_ENABLE_DETAIL_NORMALMAP SHADER_API_DESKTOP UNITY_LIGHT_PROBE_PROXY_VOLUME UNITY_LIGHTMAP_FULL_HDR ok=1
Cmd: compileSnippet
  api=4 type=1 insize=16611 outsize=422 kw=_SUNDISK_NONE pd=UNITY_ENABLE_REFLECTION_BUFFERS UNITY_USE_DITHER_MASK_FOR_ALPHABLENDED_SHADOWS UNITY_PBS_USE_BRDF1 UNITY_SPECCUBE_BOX_PROJECTION UNITY_SPECCUBE_BLENDING UNITY_ENABLE_DETAIL_NORMALMAP SHADER_API_DESKTOP UNITY_LIGHT_PROBE_PROXY_VOLUME UNITY_LIGHTMAP_FULL_HDR ok=1
Cmd: preprocessCompute
  insize=4809 outsize=4811 ok=1
Cmd: preprocessCompute
  insize=3598 outsize=3600 ok=1
Cmd: preprocess
  insize=10130 outsize=429 ok=1
Cmd: preprocessCompute
  insize=1626 outsize=1628 ok=1
Cmd: preprocessCompute
  insize=4828 outsize=4830 ok=1
Cmd: preprocessCompute
  insize=3598 outsize=3600 ok=1
Cmd: preprocess
  insize=10130 outsize=429 ok=1
Cmd: preprocessCompute
  insize=1626 outsize=1628 ok=1
Cmd: preprocessCompute
  insize=4828 outsize=4830 ok=1
Cmd: preprocessCompute
  insize=4987 outsize=4989 ok=1
Cmd: compileComputeKernel
  api=4 insize=4989 outsize=2349 ok=1
Cmd: preprocess
  insize=10130 outsize=429 ok=1
Cmd: preprocessCompute
  insize=1626 outsize=1628 ok=1
Cmd: preprocessCompute
  insize=4828 outsize=4830 ok=1
Cmd: preprocessCompute
  insize=4987 outsize=4989 ok=1
Cmd: preprocess
  insize=10130 outsize=429 ok=1
Cmd: preprocessCompute
  insize=1626 outsize=1628 ok=1
Cmd: preprocessCompute
  insize=4828 outsize=4830 ok=1
Cmd: preprocessCompute
  insize=4987 outsize=4989 ok=1
Cmd: preprocess
  insize=10130 outsize=429 ok=1
Cmd: preprocessCompute
  insize=1626 outsize=1628 ok=1
Cmd: preprocessCompute
  insize=4828 outsize=4830 ok=1
Cmd: preprocessCompute
  insize=4987 outsize=4989 ok=1
Cmd: preprocess
  insize=10130 outsize=429 ok=1
Cmd: preprocessCompute
  insize=1626 outsize=1628 ok=1
Cmd: preprocessCompute
  insize=4836 outsize=4838 ok=1
Cmd: compileComputeKernel
  api=4 insize=4838 outsize=2269 ok=1
Cmd: preprocessCompute
  insize=5001 outsize=5003 ok=1
Cmd: compileComputeKernel
  api=4 insize=5003 outsize=2349 ok=1
Cmd: preprocess
  insize=10138 outsize=429 ok=1
Cmd: preprocessCompute
  insize=1627 outsize=1629 ok=1
Cmd: compileComputeKernel
  api=4 insize=1629 outsize=1457 ok=1
Cmd: preprocessCompute
  insize=4836 outsize=4838 ok=1
Cmd: preprocessCompute
  insize=5237 outsize=5239 ok=1
Cmd: compileComputeKernel
  api=4 insize=5239 outsize=2425 ok=1
Cmd: preprocess
  insize=10138 outsize=429 ok=1
Cmd: preprocessCompute
  insize=1627 outsize=1629 ok=1
Cmd: preprocessCompute
  insize=4836 outsize=4838 ok=1
Cmd: preprocessCompute
  insize=5237 outsize=5239 ok=1
Cmd: preprocess
  insize=10138 outsize=429 ok=1
Cmd: preprocessCompute
  insize=1627 outsize=1629 ok=1
Cmd: preprocessCompute
  insize=4836 outsize=4838 ok=1
Cmd: preprocessCompute
  insize=5237 outsize=5239 ok=1
Cmd: preprocess
  insize=10138 outsize=429 ok=1
Cmd: preprocessCompute
  insize=1627 outsize=1629 ok=1
Cmd: preprocessCompute
  insize=4836 outsize=4838 ok=1
Cmd: preprocessCompute
  insize=5237 outsize=5239 ok=1
Cmd: preprocess
  insize=10138 outsize=429 ok=1
Cmd: preprocessCompute
  insize=1627 outsize=1629 ok=1
Cmd: preprocessCompute
  insize=4836 outsize=4838 ok=1
Cmd: preprocessCompute
  insize=5237 outsize=5239 ok=1
Cmd: preprocess
  insize=10138 outsize=429 ok=1
Cmd: preprocessCompute
  insize=1627 outsize=1629 ok=1
Cmd: preprocessCompute
  insize=4518 outsize=4520 ok=1
Cmd: compileComputeKernel
  api=4 insize=4520 outsize=1817 ok=1
Cmd: preprocessCompute
  insize=5241 outsize=5243 ok=1
Cmd: compileComputeKernel
  api=4 insize=5243 outsize=2425 ok=1
Cmd: preprocess
  insize=10134 outsize=429 ok=1
Cmd: preprocessCompute
  insize=1627 outsize=1629 ok=1
Cmd: preprocessCompute
  insize=4836 outsize=4838 ok=1
Cmd: preprocessCompute
  insize=5237 outsize=5239 ok=1
Cmd: preprocess
  insize=10138 outsize=429 ok=1
Cmd: preprocessCompute
  insize=1627 outsize=1629 ok=1
Cmd: preprocessCompute
  insize=5114 outsize=5116 ok=1
Cmd: compileComputeKernel
  api=4 insize=5116 outsize=2337 ok=1
Cmd: preprocessCompute
  insize=5237 outsize=5239 ok=1
Cmd: preprocess
  insize=10138 outsize=429 ok=1
Cmd: preprocessCompute
  insize=1627 outsize=1629 ok=1
Cmd: preprocessCompute
  insize=4776 outsize=4778 ok=1
Cmd: compileComputeKernel
  api=4 insize=4778 outsize=1845 ok=1
Cmd: preprocessCompute
  insize=5237 outsize=5239 ok=1
Cmd: preprocess
  insize=10138 outsize=429 ok=1
Cmd: preprocessCompute
  insize=1627 outsize=1629 ok=1
Cmd: preprocessCompute
  insize=4776 outsize=4778 ok=1
Cmd: preprocessCompute
  insize=5237 outsize=5239 ok=1
Cmd: preprocess
  insize=10138 outsize=429 ok=1
Cmd: preprocessCompute
  insize=1627 outsize=1629 ok=1
Cmd: preprocessCompute
  insize=4776 outsize=4778 ok=1
Cmd: preprocessCompute
  insize=5237 outsize=5239 ok=1
Cmd: preprocess
  insize=10138 outsize=429 ok=1
Cmd: preprocessCompute
  insize=1627 outsize=1629 ok=1
Cmd: preprocessCompute
  insize=4776 outsize=4778 ok=1
Cmd: preprocessCompute
  insize=5237 outsize=5239 ok=1
Cmd: preprocess
  insize=10138 outsize=429 ok=1
Cmd: preprocessCompute
  insize=1627 outsize=1629 ok=1
Cmd: preprocessCompute
  insize=4776 outsize=4778 ok=1
Cmd: preprocessCompute
  insize=5237 outsize=5239 ok=1
Cmd: preprocess
  insize=10138 outsize=429 ok=1
Cmd: preprocessCompute
  insize=1627 outsize=1629 ok=1
Cmd: preprocessCompute
  insize=4776 outsize=4778 ok=1
Cmd: preprocessCompute
  insize=5237 outsize=5239 ok=1
Cmd: preprocess
  insize=10138 outsize=429 ok=1
Cmd: preprocessCompute
  insize=1627 outsize=1629 ok=1
Cmd: preprocessCompute
  insize=4776 outsize=4778 ok=1
Cmd: preprocessCompute
  insize=5237 outsize=5239 ok=1
Cmd: preprocess
  insize=10138 outsize=429 ok=1
Cmd: preprocessCompute
  insize=1627 outsize=1629 ok=1
Cmd: preprocessCompute
  insize=4776 outsize=4778 ok=1
Cmd: preprocessCompute
  insize=5237 outsize=5239 ok=1
Cmd: preprocess
  insize=10138 outsize=429 ok=1
Cmd: preprocessCompute
  insize=1627 outsize=1629 ok=1
Cmd: preprocessCompute
  insize=4776 outsize=4778 ok=1
Cmd: preprocessCompute
  insize=5237 outsize=5239 ok=1
Cmd: preprocess
  insize=10138 outsize=429 ok=1
Cmd: preprocessCompute
  insize=1627 outsize=1629 ok=1
Cmd: preprocessCompute
  insize=4776 outsize=4778 ok=1
Cmd: preprocessCompute
  insize=5237 outsize=5239 ok=1
Cmd: preprocess
  insize=10138 outsize=429 ok=1
Cmd: preprocessCompute
  insize=1627 outsize=1629 ok=1
Cmd: preprocessCompute
  insize=4776 outsize=4778 ok=1
Cmd: preprocessCompute
  insize=5237 outsize=5239 ok=1
Cmd: preprocess
  insize=10138 outsize=429 ok=1
Cmd: preprocessCompute
  insize=1627 outsize=1629 ok=1
Cmd: preprocessCompute
  insize=4776 outsize=4778 ok=1
Cmd: preprocessCompute
  insize=5237 outsize=5239 ok=1
Cmd: preprocess
  insize=10138 outsize=429 ok=1
Cmd: preprocessCompute
  insize=1627 outsize=1629 ok=1
Cmd: preprocessCompute
  insize=4776 outsize=4778 ok=1
Cmd: preprocessCompute
  insize=5237 outsize=5239 ok=1
Cmd: preprocess
  insize=10138 outsize=429 ok=1
Cmd: preprocessCompute
  insize=1627 outsize=1629 ok=1
Cmd: preprocessCompute
  insize=4776 outsize=4778 ok=1
Cmd: preprocessCompute
  insize=5237 outsize=5239 ok=1
Cmd: preprocess
  insize=10138 outsize=429 ok=1
Cmd: preprocessCompute
  insize=1627 outsize=1629 ok=1
Cmd: preprocessCompute
  insize=4776 outsize=4778 ok=1
Cmd: preprocessCompute
  insize=5237 outsize=5239 ok=1
Cmd: preprocess
  insize=10138 outsize=429 ok=1
Cmd: preprocessCompute
  insize=1627 outsize=1629 ok=1
Cmd: preprocessCompute
  insize=4776 outsize=4778 ok=1
Cmd: preprocessCompute
  insize=5237 outsize=5239 ok=1
Cmd: preprocess
  insize=11047 outsize=429 ok=1
Cmd: preprocessCompute
  insize=1627 outsize=1629 ok=1
Cmd: preprocessCompute
  insize=4776 outsize=4778 ok=1
Cmd: preprocessCompute
  insize=5237 outsize=5239 ok=1
Cmd: preprocess
  insize=11047 outsize=429 ok=1
Cmd: preprocessCompute
  insize=1627 outsize=1629 ok=1
Cmd: preprocessCompute
  insize=4776 outsize=4778 ok=1
Cmd: preprocessCompute
  insize=5237 outsize=5239 ok=1
Cmd: preprocess
  insize=11047 outsize=429 ok=1
Cmd: preprocessCompute
  insize=1627 outsize=1629 ok=1
Cmd: compileSnippet
  api=4 type=0 insize=1298 outsize=1414 kw=UNITY_PASS_SHADOWCASTER SHADOWS_DEPTH pd=UNITY_ENABLE_REFLECTION_BUFFERS UNITY_USE_DITHER_MASK_FOR_ALPHABLENDED_SHADOWS UNITY_PBS_USE_BRDF1 UNITY_SPECCUBE_BOX_PROJECTION UNITY_SPECCUBE_BLENDING UNITY_ENABLE_DETAIL_NORMALMAP SHADER_API_DESKTOP UNITY_LIGHT_PROBE_PROXY_VOLUME UNITY_LIGHTMAP_FULL_HDR ok=1
Cmd: compileSnippet
  api=4 type=1 insize=1298 outsize=218 kw=UNITY_PASS_SHADOWCASTER SHADOWS_DEPTH pd=UNITY_ENABLE_REFLECTION_BUFFERS UNITY_USE_DITHER_MASK_FOR_ALPHABLENDED_SHADOWS UNITY_PBS_USE_BRDF1 UNITY_SPECCUBE_BOX_PROJECTION UNITY_SPECCUBE_BLENDING UNITY_ENABLE_DETAIL_NORMALMAP SHADER_API_DESKTOP UNITY_LIGHT_PROBE_PROXY_VOLUME UNITY_LIGHTMAP_FULL_HDR ok=1
Cmd: compileSnippet
  api=4 type=0 insize=2881 outsize=790 kw= pd=UNITY_ENABLE_REFLECTION_BUFFERS UNITY_USE_DITHER_MASK_FOR_ALPHABLENDED_SHADOWS UNITY_PBS_USE_BRDF1 UNITY_SPECCUBE_BOX_PROJECTION UNITY_SPECCUBE_BLENDING UNITY_ENABLE_DETAIL_NORMALMAP SHADER_API_DESKTOP UNITY_LIGHT_PROBE_PROXY_VOLUME UNITY_LIGHTMAP_FULL_HDR ok=1
Cmd: compileSnippet
  api=4 type=1 insize=2881 outsize=490 kw= pd=UNITY_ENABLE_REFLECTION_BUFFERS UNITY_USE_DITHER_MASK_FOR_ALPHABLENDED_SHADOWS UNITY_PBS_USE_BRDF1 UNITY_SPECCUBE_BOX_PROJECTION UNITY_SPECCUBE_BLENDING UNITY_ENABLE_DETAIL_NORMALMAP SHADER_API_DESKTOP UNITY_LIGHT_PROBE_PROXY_VOLUME UNITY_LIGHTMAP_FULL_HDR ok=1
Cmd: compileSnippet
  api=4 type=0 insize=2648 outsize=790 kw= pd=UNITY_ENABLE_REFLECTION_BUFFERS UNITY_USE_DITHER_MASK_FOR_ALPHABLENDED_SHADOWS UNITY_PBS_USE_BRDF1 UNITY_SPECCUBE_BOX_PROJECTION UNITY_SPECCUBE_BLENDING UNITY_ENABLE_DETAIL_NORMALMAP SHADER_API_DESKTOP UNITY_LIGHT_PROBE_PROXY_VOLUME UNITY_LIGHTMAP_FULL_HDR ok=1
Cmd: compileSnippet
  api=4 type=1 insize=2648 outsize=422 kw= pd=UNITY_ENABLE_REFLECTION_BUFFERS UNITY_USE_DITHER_MASK_FOR_ALPHABLENDED_SHADOWS UNITY_PBS_USE_BRDF1 UNITY_SPECCUBE_BOX_PROJECTION UNITY_SPECCUBE_BLENDING UNITY_ENABLE_DETAIL_NORMALMAP SHADER_API_DESKTOP UNITY_LIGHT_PROBE_PROXY_VOLUME UNITY_LIGHTMAP_FULL_HDR ok=1
Cmd: compileSnippet
  api=4 type=0 insize=2815 outsize=802 kw= pd=UNITY_ENABLE_REFLECTION_BUFFERS UNITY_USE_DITHER_MASK_FOR_ALPHABLENDED_SHADOWS UNITY_PBS_USE_BRDF1 UNITY_SPECCUBE_BOX_PROJECTION UNITY_SPECCUBE_BLENDING UNITY_ENABLE_DETAIL_NORMALMAP SHADER_API_DESKTOP UNITY_LIGHT_PROBE_PROXY_VOLUME UNITY_LIGHTMAP_FULL_HDR ok=1
Cmd: compileSnippet
  api=4 type=1 insize=2815 outsize=442 kw= pd=UNITY_ENABLE_REFLECTION_BUFFERS UNITY_USE_DITHER_MASK_FOR_ALPHABLENDED_SHADOWS UNITY_PBS_USE_BRDF1 UNITY_SPECCUBE_BOX_PROJECTION UNITY_SPECCUBE_BLENDING UNITY_ENABLE_DETAIL_NORMALMAP SHADER_API_DESKTOP UNITY_LIGHT_PROBE_PROXY_VOLUME UNITY_LIGHTMAP_FULL_HDR ok=1
Cmd: preprocessCompute
  insize=4776 outsize=4778 ok=1
Cmd: preprocessCompute
  insize=5237 outsize=5239 ok=1
Cmd: preprocess
  insize=11047 outsize=429 ok=1
Cmd: preprocessCompute
  insize=1627 outsize=1629 ok=1
Cmd: preprocessCompute
  insize=4776 outsize=4778 ok=1
Cmd: preprocessCompute
  insize=5237 outsize=5239 ok=1
Cmd: preprocess
  insize=11047 outsize=429 ok=1
Cmd: preprocessCompute
  insize=1627 outsize=1629 ok=1
Cmd: preprocessCompute
  insize=4776 outsize=4778 ok=1
Cmd: preprocessCompute
  insize=5237 outsize=5239 ok=1
Cmd: preprocess
  insize=11047 outsize=429 ok=1
Cmd: preprocessCompute
  insize=1627 outsize=1629 ok=1
Cmd: preprocessCompute
  insize=4776 outsize=4778 ok=1
Cmd: preprocessCompute
  insize=5237 outsize=5239 ok=1
Cmd: preprocess
  insize=11047 outsize=429 ok=1
Cmd: preprocessCompute
  insize=1627 outsize=1629 ok=1
Cmd: preprocessCompute
  insize=4776 outsize=4778 ok=1
Cmd: preprocessCompute
  insize=5237 outsize=5239 ok=1
Cmd: preprocess
  insize=10589 outsize=429 ok=1
Cmd: preprocessCompute
  insize=1627 outsize=1629 ok=1
Cmd: preprocessCompute
  insize=4776 outsize=4778 ok=1
Cmd: preprocessCompute
  insize=5237 outsize=5239 ok=1
Cmd: preprocess
  insize=10824 outsize=429 ok=1
Cmd: preprocessCompute
  insize=1627 outsize=1629 ok=1
Cmd: preprocessCompute
  insize=4776 outsize=4778 ok=1
Cmd: preprocessCompute
  insize=5237 outsize=5239 ok=1
Cmd: preprocess
  insize=10824 outsize=429 ok=1
Cmd: preprocessCompute
  insize=1627 outsize=1629 ok=1
Cmd: preprocessCompute
  insize=4776 outsize=4778 ok=1
Cmd: preprocessCompute
  insize=5237 outsize=5239 ok=1
Cmd: preprocess
  insize=10824 outsize=429 ok=1
Cmd: preprocessCompute
  insize=1627 outsize=1629 ok=1
Cmd: preprocessCompute
  insize=4776 outsize=4778 ok=1
Cmd: preprocessCompute
  insize=5237 outsize=5239 ok=1
Cmd: preprocess
  insize=10824 outsize=429 ok=1
Cmd: preprocessCompute
  insize=1627 outsize=1629 ok=1
Cmd: preprocessCompute
  insize=4776 outsize=4778 ok=1
Cmd: preprocessCompute
  insize=5237 outsize=5239 ok=1
Cmd: preprocess
  insize=10824 outsize=429 ok=1
Cmd: preprocessCompute
  insize=1627 outsize=1629 ok=1
Cmd: preprocessCompute
  insize=4924 outsize=4926 ok=1
Cmd: compileComputeKernel
  api=4 insize=4926 outsize=1873 ok=1
Cmd: preprocessCompute
  insize=5237 outsize=5239 ok=1
Cmd: preprocess
  insize=12104 outsize=429 ok=1
Cmd: preprocessCompute
  insize=1627 outsize=1629 ok=1
Cmd: compileComputeKernel
  api=4 insize=1629 outsize=1457 ok=1
Cmd: preprocessCompute
  insize=4924 outsize=4926 ok=1
Cmd: preprocessCompute
  insize=5237 outsize=5239 ok=1
Cmd: preprocess
  insize=12107 outsize=428 ok=1
Cmd: preprocessCompute
  insize=1627 outsize=1629 ok=1
Cmd: preprocessCompute
  insize=4924 outsize=4926 ok=1
Cmd: preprocessCompute
  insize=5237 outsize=5239 ok=1
Cmd: preprocess
  insize=12107 outsize=428 ok=1
Cmd: preprocessCompute
  insize=1627 outsize=1629 ok=1
Cmd: preprocessCompute
  insize=4776 outsize=4778 ok=1
Cmd: preprocessCompute
  insize=5237 outsize=5239 ok=1
Cmd: preprocess
  insize=10824 outsize=429 ok=1
Cmd: preprocessCompute
  insize=1627 outsize=1629 ok=1
Cmd: preprocessCompute
  insize=4776 outsize=4778 ok=1
Cmd: preprocessCompute
  insize=5237 outsize=5239 ok=1
Cmd: preprocess
  insize=10824 outsize=429 ok=1
Cmd: preprocessCompute
  insize=1627 outsize=1629 ok=1
Cmd: preprocessCompute
  insize=4776 outsize=4778 ok=1
Cmd: preprocessCompute
  insize=5237 outsize=5239 ok=1
Cmd: preprocess
  insize=10824 outsize=429 ok=1
Cmd: preprocessCompute
  insize=1627 outsize=1629 ok=1
Cmd: preprocessCompute
  insize=4776 outsize=4778 ok=1
Cmd: preprocessCompute
  insize=5237 outsize=5239 ok=1
Cmd: preprocess
  insize=10824 outsize=429 ok=1
Cmd: preprocessCompute
  insize=1627 outsize=1629 ok=1
Cmd: preprocessCompute
  insize=4776 outsize=4778 ok=1
Cmd: preprocessCompute
  insize=5237 outsize=5239 ok=1
Cmd: preprocess
  insize=10824 outsize=429 ok=1
Cmd: preprocessCompute
  insize=1627 outsize=1629 ok=1
Cmd: preprocessCompute
  insize=4776 outsize=4778 ok=1
Cmd: preprocessCompute
  insize=5237 outsize=5239 ok=1
Cmd: preprocess
  insize=10824 outsize=429 ok=1
Cmd: preprocessCompute
  insize=1627 outsize=1629 ok=1
Cmd: preprocessCompute
  insize=4776 outsize=4778 ok=1
Cmd: preprocessCompute
  insize=5237 outsize=5239 ok=1
Cmd: preprocess
  insize=10824 outsize=429 ok=1
Cmd: preprocessCompute
  insize=1627 outsize=1629 ok=1
Cmd: preprocessCompute
  insize=4776 outsize=4778 ok=1
Cmd: preprocessCompute
  insize=5237 outsize=5239 ok=1
Cmd: preprocess
  insize=10824 outsize=429 ok=1
Cmd: preprocessCompute
  insize=1627 outsize=1629 ok=1
Cmd: preprocessCompute
  insize=4776 outsize=4778 ok=1
Cmd: preprocessCompute
  insize=5237 outsize=5239 ok=1
Cmd: preprocess
  insize=10824 outsize=429 ok=1
Cmd: preprocessCompute
  insize=1627 outsize=1629 ok=1
Cmd: preprocessCompute
  insize=4776 outsize=4778 ok=1
Cmd: preprocessCompute
  insize=5237 outsize=5239 ok=1
Cmd: preprocess
  insize=10824 outsize=429 ok=1
Cmd: preprocessCompute
  insize=1627 outsize=1629 ok=1
Cmd: preprocessCompute
  insize=4776 outsize=4778 ok=1
Cmd: preprocessCompute
  insize=5237 outsize=5239 ok=1
Cmd: preprocess
  insize=10824 outsize=429 ok=1
Cmd: preprocessCompute
  insize=1627 outsize=1629 ok=1
Cmd: preprocessCompute
  insize=4776 outsize=4778 ok=1
Cmd: preprocessCompute
  insize=5237 outsize=5239 ok=1
Cmd: preprocess
  insize=10824 outsize=429 ok=1
Cmd: preprocessCompute
  insize=1627 outsize=1629 ok=1
Cmd: preprocessCompute
  insize=4776 outsize=4778 ok=1
Cmd: preprocessCompute
  insize=5237 outsize=5239 ok=1
Cmd: preprocess
  insize=10824 outsize=429 ok=1
Cmd: preprocessCompute
  insize=1627 outsize=1629 ok=1
Cmd: preprocessCompute
  insize=4776 outsize=4778 ok=1
Cmd: preprocessCompute
  insize=5237 outsize=5239 ok=1
Cmd: preprocess
  insize=10824 outsize=429 ok=1
Cmd: preprocessCompute
  insize=1627 outsize=1629 ok=1
Cmd: preprocessCompute
  insize=4780 outsize=4782 ok=1
Cmd: compileComputeKernel
  api=4 insize=4782 outsize=1845 ok=1
Cmd: preprocessCompute
  insize=5243 outsize=5245 ok=1
Cmd: compileComputeKernel
  api=4 insize=5245 outsize=2425 ok=1
Cmd: preprocess
  insize=10828 outsize=429 ok=1
Cmd: preprocessCompute
  insize=1628 outsize=1630 ok=1
Cmd: compileComputeKernel
  api=4 insize=1630 outsize=1457 ok=1
Cmd: preprocessCompute
  insize=4774 outsize=4776 ok=1
Cmd: compileComputeKernel
  api=4 insize=4776 outsize=1889 ok=1
Cmd: preprocessCompute
  insize=5231 outsize=5233 ok=1
Cmd: preprocess
  insize=9978 outsize=428 ok=1
Cmd: preprocessCompute
  insize=1628 outsize=1630 ok=1
Cmd: preprocessCompute
  insize=4774 outsize=4776 ok=1
Cmd: preprocessCompute
  insize=5231 outsize=5233 ok=1
Cmd: preprocess
  insize=9428 outsize=429 ok=1
Cmd: preprocessCompute
  insize=1628 outsize=1630 ok=1
Cmd: preprocessCompute
  insize=4774 outsize=4776 ok=1
Cmd: preprocessCompute
  insize=5231 outsize=5233 ok=1
Cmd: preprocess
  insize=9651 outsize=429 ok=1
Cmd: preprocessCompute
  insize=1628 outsize=1630 ok=1
Cmd: preprocessCompute
  insize=4774 outsize=4776 ok=1
Cmd: preprocessCompute
  insize=5231 outsize=5233 ok=1
Cmd: preprocess
  insize=9651 outsize=429 ok=1
Cmd: preprocessCompute
  insize=1628 outsize=1630 ok=1
Cmd: preprocessCompute
  insize=4774 outsize=4776 ok=1
Cmd: preprocessCompute
  insize=5231 outsize=5233 ok=1
Cmd: preprocess
  insize=9651 outsize=429 ok=1
Cmd: preprocessCompute
  insize=1628 outsize=1630 ok=1
Cmd: preprocessCompute
  insize=4774 outsize=4776 ok=1
Cmd: preprocessCompute
  insize=5231 outsize=5233 ok=1
Cmd: preprocess
  insize=9651 outsize=429 ok=1
Cmd: preprocessCompute
  insize=1628 outsize=1630 ok=1
Cmd: preprocessCompute
  insize=4776 outsize=4778 ok=1
Cmd: compileComputeKernel
  api=4 insize=4778 outsize=1889 ok=1
Cmd: preprocessCompute
  insize=5235 outsize=5237 ok=1
Cmd: preprocess
  insize=9653 outsize=429 ok=1
Cmd: preprocessCompute
  insize=1628 outsize=1630 ok=1
Cmd: preprocessCompute
  insize=4776 outsize=4778 ok=1
Cmd: preprocessCompute
  insize=5235 outsize=5237 ok=1
Cmd: preprocess
  insize=9653 outsize=429 ok=1
Cmd: preprocessCompute
  insize=1628 outsize=1630 ok=1
Cmd: preprocessCompute
  insize=4776 outsize=4778 ok=1
Cmd: preprocessCompute
  insize=5235 outsize=5237 ok=1
Cmd: preprocess
  insize=9653 outsize=429 ok=1
Cmd: preprocessCompute
  insize=1628 outsize=1630 ok=1
Cmd: preprocessCompute
  insize=4780 outsize=4782 ok=1
Cmd: compileComputeKernel
  api=4 insize=4782 outsize=1889 ok=1
Cmd: preprocessCompute
  insize=5241 outsize=5243 ok=1
Cmd: preprocess
  insize=9655 outsize=429 ok=1
Cmd: preprocessCompute
  insize=1629 outsize=1631 ok=1
Cmd: compileComputeKernel
  api=4 insize=1631 outsize=1457 ok=1
Cmd: preprocessCompute
  insize=4780 outsize=4782 ok=1
Cmd: preprocessCompute
  insize=5241 outsize=5243 ok=1
Cmd: preprocess
  insize=9655 outsize=429 ok=1
Cmd: preprocessCompute
  insize=1629 outsize=1631 ok=1
Cmd: preprocessCompute
  insize=4780 outsize=4782 ok=1
Cmd: preprocessCompute
  insize=5241 outsize=5243 ok=1
Cmd: preprocess
  insize=9655 outsize=429 ok=1
Cmd: preprocessCompute
  insize=1629 outsize=1631 ok=1
Cmd: preprocessCompute
  insize=4780 outsize=4782 ok=1
Cmd: preprocessCompute
  insize=5241 outsize=5243 ok=1
Cmd: preprocess
  insize=9655 outsize=429 ok=1
Cmd: preprocessCompute
  insize=1629 outsize=1631 ok=1
Cmd: preprocessCompute
  insize=4780 outsize=4782 ok=1
Cmd: preprocessCompute
  insize=5241 outsize=5243 ok=1
Cmd: preprocess
  insize=9655 outsize=429 ok=1
Cmd: preprocessCompute
  insize=1629 outsize=1631 ok=1
Cmd: preprocessCompute
  insize=4780 outsize=4782 ok=1
Cmd: preprocessCompute
  insize=5241 outsize=5243 ok=1
Cmd: preprocess
  insize=9655 outsize=429 ok=1
Cmd: preprocessCompute
  insize=1629 outsize=1631 ok=1
Cmd: preprocessCompute
  insize=4776 outsize=4778 ok=1
Cmd: compileComputeKernel
  api=4 insize=4778 outsize=1781 ok=1
Cmd: preprocessCompute
  insize=5273 outsize=5275 ok=1
Cmd: compileComputeKernel
  api=4 insize=5275 outsize=1953 ok=1
Cmd: preprocess
  insize=9677 outsize=428 ok=1
Cmd: preprocessCompute
  insize=1629 outsize=1631 ok=1
Cmd: preprocessCompute
  insize=4780 outsize=4782 ok=1
Cmd: preprocessCompute
  insize=5241 outsize=5243 ok=1
Cmd: preprocess
  insize=9655 outsize=429 ok=1
Cmd: preprocessCompute
  insize=1629 outsize=1631 ok=1
Cmd: preprocessCompute
  insize=4776 outsize=4778 ok=1
Cmd: preprocessCompute
  insize=5235 outsize=5237 ok=1
Cmd: preprocess
  insize=9653 outsize=429 ok=1
Cmd: preprocessCompute
  insize=1628 outsize=1630 ok=1
Cmd: preprocessCompute
  insize=4776 outsize=4778 ok=1
Cmd: preprocessCompute
  insize=5235 outsize=5237 ok=1
Cmd: preprocess
  insize=9653 outsize=429 ok=1
Cmd: preprocessCompute
  insize=1628 outsize=1630 ok=1
Cmd: preprocessCompute
  insize=4772 outsize=4774 ok=1
Cmd: compileComputeKernel
  api=4 insize=4774 outsize=1781 ok=1
Cmd: preprocessCompute
  insize=5267 outsize=5269 ok=1
Cmd: compileComputeKernel
  api=4 insize=5269 outsize=1953 ok=1
Cmd: preprocess
  insize=9675 outsize=429 ok=1
Cmd: preprocessCompute
  insize=1628 outsize=1630 ok=1
Cmd: preprocessCompute
  insize=4772 outsize=4774 ok=1
Cmd: preprocessCompute
  insize=5267 outsize=5269 ok=1
Cmd: preprocess
  insize=9675 outsize=429 ok=1
Cmd: preprocessCompute
  insize=1628 outsize=1630 ok=1
Cmd: preprocessCompute
  insize=4772 outsize=4774 ok=1
Cmd: preprocessCompute
  insize=5267 outsize=5269 ok=1
Cmd: preprocess
  insize=9675 outsize=429 ok=1
Cmd: preprocessCompute
  insize=1628 outsize=1630 ok=1
